<?xml version="1.0" encoding="UTF-8"?>
<!-- Generated by org.testng.reporters.JUnitReportReporter -->
<testsuite hostname="LAPTOP-9B5SK5LD" failures="0" tests="1" name="Networktesting.Networktesting" time="12.858" errors="0" timestamp="2022-08-23T10:56:23 IST" skipped="0">
  <testcase classname="Networktesting.Networktesting" name="apiDemos" time="12.858"/>
  <system-out/>
</testsuite> <!-- Networktesting.Networktesting -->
