<?xml version="1.0" encoding="UTF-8"?>
<!-- Generated by org.testng.reporters.JUnitReportReporter -->
<testsuite hostname="LAPTOP-9B5SK5LD" failures="0" tests="1" name="TestingTypes.Orientationtesting" time="10.902" errors="0" timestamp="2022-08-23T10:53:04 IST" skipped="0">
  <testcase classname="TestingTypes.Orientationtesting" name="orientationtesting" time="10.902"/>
  <system-out/>
</testsuite> <!-- TestingTypes.Orientationtesting -->
